[debug] [2025-12-28T00:57:12.940Z] ----------------------------------------------------------------------
[debug] [2025-12-28T00:57:12.944Z] Command:       C:\Program Files\nodejs\node.exe C:\Users\Emre\AppData\Roaming\npm\node_modules\firebase-tools\lib\bin\firebase.js init hosting
[debug] [2025-12-28T00:57:12.944Z] CLI Version:   15.1.0
[debug] [2025-12-28T00:57:12.944Z] Platform:      win32
[debug] [2025-12-28T00:57:12.944Z] Node Version:  v22.18.0
[debug] [2025-12-28T00:57:12.944Z] Time:          Sun Dec 28 2025 03:57:12 GMT+0300 (GMT+03:00)
[debug] [2025-12-28T00:57:12.945Z] ----------------------------------------------------------------------
[debug] 
[info] 
     ######## #### ########  ######## ########     ###     ######  ########
     ##        ##  ##     ## ##       ##     ##  ##   ##  ##       ##
     ######    ##  ########  ######   ########  #########  ######  ######
     ##        ##  ##    ##  ##       ##     ## ##     ##       ## ##
     ##       #### ##     ## ######## ########  ##     ##  ######  ########

You're about to initialize a Firebase project in this directory:

  C:\tsglDerneği

Before we get started, keep in mind:

  * You are currently outside your home directory

[info] 
=== Project Setup
[info] 
[info] First, let's associate this project directory with a Firebase project.
[info] You can create multiple project aliases by running firebase use --add, 
[info] 
[debug] [2025-12-28T00:57:32.758Z] > command requires scopes: ["email","openid","https://www.googleapis.com/auth/cloudplatformprojects.readonly","https://www.googleapis.com/auth/firebase","https://www.googleapis.com/auth/cloud-platform"]
[debug] [2025-12-28T00:57:32.759Z] > authorizing via signed-in user (sanaltikk@gmail.com)
[debug] [2025-12-28T00:57:32.760Z] Checked if tokens are valid: true, expires at: 1766887009847
[debug] [2025-12-28T00:57:32.761Z] Checked if tokens are valid: true, expires at: 1766887009847
[debug] [2025-12-28T00:57:32.762Z] >>> [apiv2][query] GET https://firebase.googleapis.com/v1beta1/projects pageSize=100
[debug] [2025-12-28T00:57:33.451Z] <<< [apiv2][status] GET https://firebase.googleapis.com/v1beta1/projects 200
[debug] [2025-12-28T00:57:33.451Z] <<< [apiv2][body] GET https://firebase.googleapis.com/v1beta1/projects [omitted]
[info] 
=== Hosting Setup
[debug] [2025-12-28T00:57:49.804Z] Checked if tokens are valid: true, expires at: 1766887009847
[debug] [2025-12-28T00:57:49.805Z] Checked if tokens are valid: true, expires at: 1766887009847
[debug] [2025-12-28T00:57:49.805Z] >>> [apiv2][query] GET https://firebase.googleapis.com/v1beta1/projects/tsgld-9d385 [none]
[debug] [2025-12-28T00:57:50.354Z] <<< [apiv2][status] GET https://firebase.googleapis.com/v1beta1/projects/tsgld-9d385 200
[debug] [2025-12-28T00:57:50.355Z] <<< [apiv2][body] GET https://firebase.googleapis.com/v1beta1/projects/tsgld-9d385 {"projectId":"tsgld-9d385","projectNumber":"923978121374","displayName":"tsgld","name":"projects/tsgld-9d385","resources":{"hostingSite":"tsgld-9d385"},"state":"ACTIVE","etag":"1_24b56ae1-0bb6-4354-8331-8f29b98d87a4"}
[info] 
[info] Your public directory is the folder (relative to your project directory) that
[info] will contain Hosting assets to be uploaded with firebase deploy. If you
[info] have a build process for your assets, use your build's output directory.
[info] 
[info] 
[info] i  Didn't detect a .git folder. Assuming C:\tsglDerneği is the project root. 
[info] i  Authorizing with GitHub to upload your service account to a GitHub repository's secrets store. 
[info] 
[info] Visit this URL on this device to log in:
[info] https://github.com/login/oauth/authorize?client_id=89cf50f02ac6aaed3484&state=885931644&redirect_uri=http%3A%2F%2Flocalhost%3A9005&scope=read%3Auser%20repo%20public_repo
[info] 
[info] Waiting for authentication...
[debug] [2025-12-28T00:59:49.268Z] >>> [apiv2][query] POST https://github.com/login/oauth/access_token [none]
[debug] [2025-12-28T00:59:49.268Z] >>> [apiv2][body] POST https://github.com/login/oauth/access_token [stream]
[debug] [2025-12-28T00:59:49.692Z] <<< [apiv2][status] POST https://github.com/login/oauth/access_token 200
[debug] [2025-12-28T00:59:49.692Z] <<< [apiv2][body] POST https://github.com/login/oauth/access_token {"access_token":"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","token_type":"bearer","scope":"read:user,repo"}
[debug] [2025-12-28T00:59:49.695Z] >>> [apiv2][query] GET https://api.github.com/user [none]
[debug] [2025-12-28T00:59:50.117Z] <<< [apiv2][status] GET https://api.github.com/user 200
[debug] [2025-12-28T00:59:50.117Z] <<< [apiv2][body] GET https://api.github.com/user {"login":"sanaltikk-star","id":251797924,"node_id":"U_kgDODwIhpA","avatar_url":"https://avatars.githubusercontent.com/u/251797924?v=4","gravatar_id":"","url":"https://api.github.com/users/sanaltikk-star","html_url":"https://github.com/sanaltikk-star","followers_url":"https://api.github.com/users/sanaltikk-star/followers","following_url":"https://api.github.com/users/sanaltikk-star/following{/other_user}","gists_url":"https://api.github.com/users/sanaltikk-star/gists{/gist_id}","starred_url":"https://api.github.com/users/sanaltikk-star/starred{/owner}{/repo}","subscriptions_url":"https://api.github.com/users/sanaltikk-star/subscriptions","organizations_url":"https://api.github.com/users/sanaltikk-star/orgs","repos_url":"https://api.github.com/users/sanaltikk-star/repos","events_url":"https://api.github.com/users/sanaltikk-star/events{/privacy}","received_events_url":"https://api.github.com/users/sanaltikk-star/received_events","type":"User","user_view_type":"private","site_admin":false,"name":null,"company":null,"blog":"","location":null,"email":null,"hireable":null,"bio":null,"twitter_username":null,"notification_email":null,"public_repos":0,"public_gists":0,"followers":0,"following":0,"created_at":"2025-12-28T00:59:24Z","updated_at":"2025-12-28T00:59:24Z","private_gists":0,"total_private_repos":0,"owned_private_repos":0,"disk_usage":0,"collaborators":0,"two_factor_authentication":false,"plan":{"name":"free","space":976562499,"collaborators":0,"private_repos":10000}}
[info] 
[info] +  Success! Logged into GitHub as sanaltikk-star 
[info] 
